d:\qtlearn\mutitablewidget\mutitablewidget\x64\debug\faultystatustable.obj
d:\qtlearn\mutitablewidget\mutitablewidget\x64\debug\main.obj
d:\qtlearn\mutitablewidget\mutitablewidget\x64\debug\highlightdelegate.obj
d:\qtlearn\mutitablewidget\mutitablewidget\x64\debug\mutitablewidget.obj
d:\qtlearn\mutitablewidget\mutitablewidget\x64\debug\combinedstatetable.obj
d:\qtlearn\mutitablewidget\mutitablewidget\x64\debug\realtimedatatable.obj
d:\qtlearn\mutitablewidget\mutitablewidget\x64\debug\nonsortingheaderview.obj
d:\qtlearn\mutitablewidget\mutitablewidget\x64\debug\qt\moc\moc_mutitablewidget.cpp
d:\qtlearn\mutitablewidget\mutitablewidget\x64\debug\qt\moc\moc_nonsortingheaderview.cpp
d:\qtlearn\mutitablewidget\mutitablewidget\x64\debug\qt\moc\moc_highlightdelegate.cpp
d:\qtlearn\mutitablewidget\mutitablewidget\x64\debug\qt\moc\moc_faultystatustable.cpp
d:\qtlearn\mutitablewidget\mutitablewidget\x64\debug\qt\moc\moc_realtimedatatable.cpp
d:\qtlearn\mutitablewidget\mutitablewidget\x64\debug\qt\moc\moc_universaldelegate.cpp
d:\qtlearn\mutitablewidget\mutitablewidget\x64\debug\qt\moc\moc_combinedstatetable.cpp
d:\qtlearn\mutitablewidget\mutitablewidget\x64\debug\qt\moc\moc_paginateddatatable.cpp
d:\qtlearn\mutitablewidget\mutitablewidget\x64\debug\qt\uic\ui_mutitablewidget.h
d:\qtlearn\mutitablewidget\mutitablewidget\x64\debug\qt\rcc\qrc_mutitablewidget.cpp
d:\qtlearn\mutitablewidget\mutitablewidget\x64\debug\vc143.idb
d:\qtlearn\mutitablewidget\mutitablewidget\x64\debug\vc143.pdb
d:\qtlearn\mutitablewidget\mutitablewidget\x64\debug\mutitablewidget.tlog\cl.1100.write.1.tlog
d:\qtlearn\mutitablewidget\mutitablewidget\x64\debug\mutitablewidget.tlog\cl.command.1.tlog
d:\qtlearn\mutitablewidget\mutitablewidget\x64\debug\mutitablewidget.tlog\cl.read.1.tlog
d:\qtlearn\mutitablewidget\mutitablewidget\x64\debug\mutitablewidget.tlog\moc.read.1u.tlog
d:\qtlearn\mutitablewidget\mutitablewidget\x64\debug\mutitablewidget.tlog\moc.write.1u.tlog
d:\qtlearn\mutitablewidget\mutitablewidget\x64\debug\mutitablewidget.tlog\mutitablewidget.write.1u.tlog
d:\qtlearn\mutitablewidget\mutitablewidget\x64\debug\mutitablewidget.tlog\rcc.read.1u.tlog
d:\qtlearn\mutitablewidget\mutitablewidget\x64\debug\mutitablewidget.tlog\rcc.write.1u.tlog
d:\qtlearn\mutitablewidget\mutitablewidget\x64\debug\mutitablewidget.tlog\uic.read.1u.tlog
d:\qtlearn\mutitablewidget\mutitablewidget\x64\debug\mutitablewidget.tlog\uic.write.1u.tlog
